Using pre-set license
Built from '2020.2/staging' branch; Version is '2020.2.7f1 (c53830e277f1) revision 12924976'; Using compiler version '192528614'; Build Type 'Release'
OS: 'Windows 10 Pro; OS build 19043.2130; Version 2009; 64bit' Language: 'ja' Physical Memory: 16229 MB
BatchMode: 1, IsHumanControllingUs: 0, StartBugReporterOnCrash: 0, Is64bit: 1, IsPro: 0

 COMMAND LINE ARGUMENTS:
C:\Program Files\Unity\Hub\Editor\2020.2.7f1\Editor\Unity.exe
-adb2
-batchMode
-noUpm
-name
AssetImportWorker0
-projectPath
C:/Users/Yamamoto/Documents/YakinikuGame/YakinikuGame
-logFile
Logs/AssetImportWorker0.log
-srvPort
49309
Successfully changed project path to: C:/Users/Yamamoto/Documents/YakinikuGame/YakinikuGame
C:/Users/Yamamoto/Documents/YakinikuGame/YakinikuGame
Using Asset Import Pipeline V2.
Refreshing native plugins compatible for Editor in 20.40 ms, found 0 plugins.
Preloading 0 native plugins for Editor in 0.00 ms.
Initialize engine version: 2020.2.7f1 (c53830e277f1)
[Subsystems] Discovering subsystems at path C:/Program Files/Unity/Hub/Editor/2020.2.7f1/Editor/Data/Resources/UnitySubsystems
[Subsystems] Discovering subsystems at path C:/Users/Yamamoto/Documents/YakinikuGame/YakinikuGame/Assets
GfxDevice: creating device client; threaded=0
Direct3D:
    Version:  Direct3D 11.0 [level 11.1]
    Renderer: NVIDIA GeForce GTX 1650 with Max-Q Design (ID=0x1f91)
    Vendor:   
    VRAM:     3962 MB
    Driver:   25.21.14.1788
Initialize mono
Mono path[0] = 'C:/Program Files/Unity/Hub/Editor/2020.2.7f1/Editor/Data/Managed'
Mono path[1] = 'C:/Program Files/Unity/Hub/Editor/2020.2.7f1/Editor/Data/MonoBleedingEdge/lib/mono/unityjit'
Mono config path = 'C:/Program Files/Unity/Hub/Editor/2020.2.7f1/Editor/Data/MonoBleedingEdge/etc'
Using monoOptions --debugger-agent=transport=dt_socket,embedding=1,server=y,suspend=n,address=127.0.0.1:56708
Begin MonoManager ReloadAssembly
Registering precompiled unity dll's ...
Register platform support module: C:/Program Files/Unity/Hub/Editor/2020.2.7f1/Editor/Data/PlaybackEngines/WindowsStandaloneSupport/UnityEditor.WindowsStandalone.Extensions.dll
Registered in 0.002511 seconds.
Native extension for WindowsStandalone target not found
Refreshing native plugins compatible for Editor in 19.26 ms, found 0 plugins.
Preloading 0 native plugins for Editor in 0.00 ms.
Invoked RoslynAnalysisRunner static constructor.
RoslynAnalysisRunner will not be running.
RoslynAnalysisRunner has terminated.
Mono: successfully reloaded assembly
- Completed reload, in  1.457 seconds
Platform modules already initialized, skipping
Registering precompiled user dll's ...
Registered in 0.000942 seconds.
Begin MonoManager ReloadAssembly
Native extension for WindowsStandalone target not found
Refreshing native plugins compatible for Editor in 0.18 ms, found 0 plugins.
Preloading 0 native plugins for Editor in 0.00 ms.
Invoked RoslynAnalysisRunner static constructor.
RoslynAnalysisRunner will not be running.
RoslynAnalysisRunner has terminated.
Mono: successfully reloaded assembly
- Completed reload, in  0.806 seconds
Platform modules already initialized, skipping
========================================================================
Worker process is ready to serve import requests
Launched and connected shader compiler UnityShaderCompiler.exe after 0.05 seconds
Refreshing native plugins compatible for Editor in 0.20 ms, found 0 plugins.
Preloading 0 native plugins for Editor in 0.00 ms.
Unloading 1113 Unused Serialized files (Serialized files now loaded: 0)
System memory in use before: 56.8 MB.
System memory in use after: 56.9 MB.

Unloading 9 unused Assets to reduce memory usage. Loaded Objects now: 1556.
Total: 1.716400 ms (FindLiveObjects: 0.130400 ms CreateObjectMapping: 0.040100 ms MarkObjects: 1.490200 ms  DeleteObjects: 0.054900 ms)

========================================================================
Received Import Request.
  path: Assets
  artifactKey: Guid(00000000000000001000000000000000) Importer(815301076,1909f56bfc062723c751e8b465ee728b)
Start importing Assets using Guid(00000000000000001000000000000000) Importer(815301076,1909f56bfc062723c751e8b465ee728b)  -> (artifact id: 'f89434ac489deb914593f829e0a47671') in 0.007221 seconds
  Import took 0.008855 seconds .

========================================================================
Received Import Request.
  Time since last request: 3.938016 seconds.
  path: Assets/Yamamoto
  artifactKey: Guid(bfce60a34190b6c4396a4dfe0f98e14c) Importer(815301076,1909f56bfc062723c751e8b465ee728b)
Start importing Assets/Yamamoto using Guid(bfce60a34190b6c4396a4dfe0f98e14c) Importer(815301076,1909f56bfc062723c751e8b465ee728b)  -> (artifact id: '8749a3451628f720e71d559d84f0465a') in 0.007182 seconds
  Import took 0.009178 seconds .

========================================================================
Received Import Request.
  Time since last request: 21.452022 seconds.
  path: Assets/Yamamoto/Scripts
  artifactKey: Guid(1e84fb934eccfe548bd5c48e2a35f95e) Importer(815301076,1909f56bfc062723c751e8b465ee728b)
Start importing Assets/Yamamoto/Scripts using Guid(1e84fb934eccfe548bd5c48e2a35f95e) Importer(815301076,1909f56bfc062723c751e8b465ee728b)  -> (artifact id: '125e2b027cda3571b5d683df4820863c') in 0.008169 seconds
  Import took 0.010583 seconds .

========================================================================
Received Import Request.
  Time since last request: 8.889024 seconds.
  path: Assets/Yamamoto/Prefab
  artifactKey: Guid(20c1eb3b307163b4e814e767e386aac4) Importer(815301076,1909f56bfc062723c751e8b465ee728b)
Start importing Assets/Yamamoto/Prefab using Guid(20c1eb3b307163b4e814e767e386aac4) Importer(815301076,1909f56bfc062723c751e8b465ee728b)  -> (artifact id: '729eb78fb16c4ce93398a442657e1f17') in 0.008684 seconds
  Import took 0.010966 seconds .

========================================================================
Received Import Request.
  Time since last request: 1171.260321 seconds.
  path: Assets/Yamamoto/Scene
  artifactKey: Guid(ea327c932d89b1040b7e3970a8c610d4) Importer(815301076,1909f56bfc062723c751e8b465ee728b)
Start importing Assets/Yamamoto/Scene using Guid(ea327c932d89b1040b7e3970a8c610d4) Importer(815301076,1909f56bfc062723c751e8b465ee728b)  -> (artifact id: '6fd725bc150789f8ce3cfb28524f9ac1') in 0.009080 seconds
  Import took 0.012016 seconds .

========================================================================
Received Import Request.
  Time since last request: 0.001837 seconds.
  path: Assets/Yamamoto/Scene
  artifactKey: Guid(ea327c932d89b1040b7e3970a8c610d4) Importer(815301076,1909f56bfc062723c751e8b465ee728b)
Start importing Assets/Yamamoto/Scene using Guid(ea327c932d89b1040b7e3970a8c610d4) Importer(815301076,1909f56bfc062723c751e8b465ee728b)  -> (artifact id: '6fd725bc150789f8ce3cfb28524f9ac1') in 0.003379 seconds
  Import took 0.005606 seconds .

========================================================================
Received Import Request.
  Time since last request: 14.745904 seconds.
  path: Assets/Yamamoto/Scene/Test.unity
  artifactKey: Guid(5f1e47e2ccac3894e96867ec27a818a4) Importer(815301076,1909f56bfc062723c751e8b465ee728b)
Start importing Assets/Yamamoto/Scene/Test.unity using Guid(5f1e47e2ccac3894e96867ec27a818a4) Importer(815301076,1909f56bfc062723c751e8b465ee728b)  -> (artifact id: '4a924315418c152c287f4341d78c28d7') in 0.016054 seconds
  Import took 0.018190 seconds .

========================================================================
Received Import Request.
  Time since last request: 0.000557 seconds.
  path: Assets/Yamamoto/Scene/Test.unity
  artifactKey: Guid(5f1e47e2ccac3894e96867ec27a818a4) Importer(815301076,1909f56bfc062723c751e8b465ee728b)
Start importing Assets/Yamamoto/Scene/Test.unity using Guid(5f1e47e2ccac3894e96867ec27a818a4) Importer(815301076,1909f56bfc062723c751e8b465ee728b)  -> (artifact id: '4a924315418c152c287f4341d78c28d7') in 0.004556 seconds
  Import took 0.006439 seconds .

========================================================================
Received Import Request.
  Time since last request: 295.744980 seconds.
  path: Assets/Yamamoto/Image
  artifactKey: Guid(3be9ecf4473ff6a498e9b81154fc4611) Importer(815301076,1909f56bfc062723c751e8b465ee728b)
Start importing Assets/Yamamoto/Image using Guid(3be9ecf4473ff6a498e9b81154fc4611) Importer(815301076,1909f56bfc062723c751e8b465ee728b)  -> (artifact id: '22126378db894cb896e4113883a96343') in 0.007028 seconds
  Import took 0.009077 seconds .

========================================================================
Received Import Request.
  Time since last request: 11.616347 seconds.
  path: Assets/Yamamoto/Image/food_niku_katamari.png
  artifactKey: Guid(f9ac6d42ac0a9414c9a369f1876a7645) Importer(815301076,1909f56bfc062723c751e8b465ee728b)
Start importing Assets/Yamamoto/Image/food_niku_katamari.png using Guid(f9ac6d42ac0a9414c9a369f1876a7645) Importer(815301076,1909f56bfc062723c751e8b465ee728b)  -> (artifact id: '924ebdde3871f1044338f13cc9b43730') in 0.065565 seconds
  Import took 0.067438 seconds .

========================================================================
Received Import Request.
  Time since last request: 0.000266 seconds.
  path: Assets/Yamamoto/Image/food_niku_katamari_abura.png
  artifactKey: Guid(ee9dd2186a3d3984abd201d723d1e0c9) Importer(815301076,1909f56bfc062723c751e8b465ee728b)
Start importing Assets/Yamamoto/Image/food_niku_katamari_abura.png using Guid(ee9dd2186a3d3984abd201d723d1e0c9) Importer(815301076,1909f56bfc062723c751e8b465ee728b)  -> (artifact id: '15cd5b8963f8d5f7a41ef7facdc35841') in 0.011977 seconds
  Import took 0.013487 seconds .

========================================================================
Received Import Request.
  Time since last request: 0.000253 seconds.
  path: Assets/Yamamoto/Image/niku_manga.png
  artifactKey: Guid(2b04a3f3372a68d499ad0d302a33520e) Importer(815301076,1909f56bfc062723c751e8b465ee728b)
Start importing Assets/Yamamoto/Image/niku_manga.png using Guid(2b04a3f3372a68d499ad0d302a33520e) Importer(815301076,1909f56bfc062723c751e8b465ee728b)  -> (artifact id: 'fc8784bddda8e4b4b5d7fc5e0f5bce40') in 0.010929 seconds
  Import took 0.012473 seconds .

========================================================================
Received Import Request.
  Time since last request: 8.455297 seconds.
  path: Assets/Yamamoto/Image/food_niku_katamari.png
  artifactKey: Guid(f9ac6d42ac0a9414c9a369f1876a7645) Importer(815301076,1909f56bfc062723c751e8b465ee728b)
Start importing Assets/Yamamoto/Image/food_niku_katamari.png using Guid(f9ac6d42ac0a9414c9a369f1876a7645) Importer(815301076,1909f56bfc062723c751e8b465ee728b)  -> (artifact id: '87ef989233b77c90cdacdcec034642e4') in 0.050327 seconds
  Import took 0.052235 seconds .

========================================================================
Received Import Request.
  Time since last request: 0.000275 seconds.
  path: Assets/Yamamoto/Image/food_niku_katamari_abura.png
  artifactKey: Guid(ee9dd2186a3d3984abd201d723d1e0c9) Importer(815301076,1909f56bfc062723c751e8b465ee728b)
Start importing Assets/Yamamoto/Image/food_niku_katamari_abura.png using Guid(ee9dd2186a3d3984abd201d723d1e0c9) Importer(815301076,1909f56bfc062723c751e8b465ee728b)  -> (artifact id: '122caae860574036a6ae6d0dc94833d8') in 0.012544 seconds
  Import took 0.014183 seconds .

========================================================================
Received Import Request.
  Time since last request: 0.000241 seconds.
  path: Assets/Yamamoto/Image/niku_manga.png
  artifactKey: Guid(2b04a3f3372a68d499ad0d302a33520e) Importer(815301076,1909f56bfc062723c751e8b465ee728b)
Start importing Assets/Yamamoto/Image/niku_manga.png using Guid(2b04a3f3372a68d499ad0d302a33520e) Importer(815301076,1909f56bfc062723c751e8b465ee728b)  -> (artifact id: 'f88996067781f48cbce42aa8c6e009ef') in 0.012959 seconds
  Import took 0.014632 seconds .

========================================================================
Received Import Request.
  Time since last request: 82.642976 seconds.
  path: Assets/Yamamoto/Scripts/Tablet.cs
  artifactKey: Guid(fab46383397e2e745a3316ab0516e744) Importer(815301076,1909f56bfc062723c751e8b465ee728b)
Start importing Assets/Yamamoto/Scripts/Tablet.cs using Guid(fab46383397e2e745a3316ab0516e744) Importer(815301076,1909f56bfc062723c751e8b465ee728b)  -> (artifact id: '245837249fb2782da07f3dedb956506a') in 0.010909 seconds
  Import took 0.013332 seconds .

========================================================================
Received Prepare
Registering precompiled user dll's ...
Registered in 0.000969 seconds.
Begin MonoManager ReloadAssembly
Native extension for WindowsStandalone target not found
Refreshing native plugins compatible for Editor in 0.20 ms, found 0 plugins.
Preloading 0 native plugins for Editor in 0.00 ms.
Invoked RoslynAnalysisRunner static constructor.
RoslynAnalysisRunner will not be running.
RoslynAnalysisRunner has terminated.
Mono: successfully reloaded assembly
- Completed reload, in  0.792 seconds
Platform modules already initialized, skipping
Refreshing native plugins compatible for Editor in 0.19 ms, found 0 plugins.
Preloading 0 native plugins for Editor in 0.00 ms.
Unloading 1108 Unused Serialized files (Serialized files now loaded: 0)
System memory in use before: 59.8 MB.
System memory in use after: 59.9 MB.

Unloading 4 unused Assets to reduce memory usage. Loaded Objects now: 1569.
Total: 1.813600 ms (FindLiveObjects: 0.161900 ms CreateObjectMapping: 0.043400 ms MarkObjects: 1.590000 ms  DeleteObjects: 0.017200 ms)

========================================================================
Received Import Request.
  Time since last request: 145.103755 seconds.
  path: Assets/Yamamoto/Material
  artifactKey: Guid(eb7e764f1f873f547855fd9ceb680ed3) Importer(815301076,1909f56bfc062723c751e8b465ee728b)
Start importing Assets/Yamamoto/Material using Guid(eb7e764f1f873f547855fd9ceb680ed3) Importer(815301076,1909f56bfc062723c751e8b465ee728b)  -> (artifact id: 'e70bfec89a5740cfed9a692aef160cd6') in 0.010981 seconds
  Import took 0.012748 seconds .

========================================================================
Received Import Request.
  Time since last request: 0.000618 seconds.
  path: Assets/Yamamoto/Material
  artifactKey: Guid(eb7e764f1f873f547855fd9ceb680ed3) Importer(815301076,1909f56bfc062723c751e8b465ee728b)
Start importing Assets/Yamamoto/Material using Guid(eb7e764f1f873f547855fd9ceb680ed3) Importer(815301076,1909f56bfc062723c751e8b465ee728b)  -> (artifact id: 'e70bfec89a5740cfed9a692aef160cd6') in 0.003374 seconds
  Import took 0.005116 seconds .

========================================================================
Received Import Request.
  Time since last request: 9.932221 seconds.
  path: Assets/Yamamoto/Material/Plane.mat
  artifactKey: Guid(5dbd257f109b4bd4bb02c842a6c63c4b) Importer(815301076,1909f56bfc062723c751e8b465ee728b)
Start importing Assets/Yamamoto/Material/Plane.mat using Guid(5dbd257f109b4bd4bb02c842a6c63c4b) Importer(815301076,1909f56bfc062723c751e8b465ee728b)  -> (artifact id: '9805ab1084c74a87c4578f102290e849') in 0.075708 seconds
  Import took 0.077836 seconds .

========================================================================
Received Import Request.
  Time since last request: 41.583273 seconds.
  path: Assets/Yamamoto/Material/Plane.mat
  artifactKey: Guid(5dbd257f109b4bd4bb02c842a6c63c4b) Importer(815301076,1909f56bfc062723c751e8b465ee728b)
Start importing Assets/Yamamoto/Material/Plane.mat using Guid(5dbd257f109b4bd4bb02c842a6c63c4b) Importer(815301076,1909f56bfc062723c751e8b465ee728b)  -> (artifact id: '4a13bc74093e9c2e1ca46b4732cccc36') in 0.012096 seconds
  Import took 0.014484 seconds .

========================================================================
Received Prepare
Registering precompiled user dll's ...
Registered in 0.000941 seconds.
Begin MonoManager ReloadAssembly
Native extension for WindowsStandalone target not found
Refreshing native plugins compatible for Editor in 0.18 ms, found 0 plugins.
Preloading 0 native plugins for Editor in 0.00 ms.
Invoked RoslynAnalysisRunner static constructor.
RoslynAnalysisRunner will not be running.
RoslynAnalysisRunner has terminated.
Mono: successfully reloaded assembly
- Completed reload, in  0.758 seconds
Platform modules already initialized, skipping
Refreshing native plugins compatible for Editor in 0.21 ms, found 0 plugins.
Preloading 0 native plugins for Editor in 0.00 ms.
Unloading 1108 Unused Serialized files (Serialized files now loaded: 0)
System memory in use before: 60.1 MB.
System memory in use after: 60.2 MB.

Unloading 4 unused Assets to reduce memory usage. Loaded Objects now: 1609.
Total: 1.670700 ms (FindLiveObjects: 0.137600 ms CreateObjectMapping: 0.032900 ms MarkObjects: 1.486200 ms  DeleteObjects: 0.013000 ms)

========================================================================
Received Prepare
Registering precompiled user dll's ...
Registered in 0.000959 seconds.
Begin MonoManager ReloadAssembly
Native extension for WindowsStandalone target not found
Refreshing native plugins compatible for Editor in 0.19 ms, found 0 plugins.
Preloading 0 native plugins for Editor in 0.00 ms.
Invoked RoslynAnalysisRunner static constructor.
RoslynAnalysisRunner will not be running.
RoslynAnalysisRunner has terminated.
Mono: successfully reloaded assembly
- Completed reload, in  0.760 seconds
Platform modules already initialized, skipping
Refreshing native plugins compatible for Editor in 0.21 ms, found 0 plugins.
Preloading 0 native plugins for Editor in 0.00 ms.
Unloading 1108 Unused Serialized files (Serialized files now loaded: 0)
System memory in use before: 60.1 MB.
System memory in use after: 60.2 MB.

Unloading 4 unused Assets to reduce memory usage. Loaded Objects now: 1612.
Total: 1.744800 ms (FindLiveObjects: 0.197300 ms CreateObjectMapping: 0.036100 ms MarkObjects: 1.474800 ms  DeleteObjects: 0.035500 ms)

========================================================================
Received Prepare
Registering precompiled user dll's ...
Registered in 0.001007 seconds.
Begin MonoManager ReloadAssembly
Native extension for WindowsStandalone target not found
Refreshing native plugins compatible for Editor in 0.19 ms, found 0 plugins.
Preloading 0 native plugins for Editor in 0.00 ms.
Invoked RoslynAnalysisRunner static constructor.
RoslynAnalysisRunner will not be running.
RoslynAnalysisRunner has terminated.
Mono: successfully reloaded assembly
- Completed reload, in  0.762 seconds
Platform modules already initialized, skipping
Refreshing native plugins compatible for Editor in 0.21 ms, found 0 plugins.
Preloading 0 native plugins for Editor in 0.00 ms.
Unloading 1108 Unused Serialized files (Serialized files now loaded: 0)
System memory in use before: 60.1 MB.
System memory in use after: 60.2 MB.

Unloading 4 unused Assets to reduce memory usage. Loaded Objects now: 1615.
Total: 1.398600 ms (FindLiveObjects: 0.126800 ms CreateObjectMapping: 0.030800 ms MarkObjects: 1.229100 ms  DeleteObjects: 0.011100 ms)

========================================================================
Received Prepare
Registering precompiled user dll's ...
Registered in 0.000955 seconds.
Begin MonoManager ReloadAssembly
Native extension for WindowsStandalone target not found
Refreshing native plugins compatible for Editor in 0.18 ms, found 0 plugins.
Preloading 0 native plugins for Editor in 0.00 ms.
Invoked RoslynAnalysisRunner static constructor.
RoslynAnalysisRunner will not be running.
RoslynAnalysisRunner has terminated.
Mono: successfully reloaded assembly
- Completed reload, in  0.742 seconds
Platform modules already initialized, skipping
Refreshing native plugins compatible for Editor in 0.22 ms, found 0 plugins.
Preloading 0 native plugins for Editor in 0.00 ms.
Unloading 1108 Unused Serialized files (Serialized files now loaded: 0)
System memory in use before: 60.1 MB.
System memory in use after: 60.2 MB.

Unloading 4 unused Assets to reduce memory usage. Loaded Objects now: 1618.
Total: 1.873900 ms (FindLiveObjects: 0.165700 ms CreateObjectMapping: 0.055100 ms MarkObjects: 1.639100 ms  DeleteObjects: 0.012700 ms)

========================================================================
Received Prepare
Registering precompiled user dll's ...
Registered in 0.000982 seconds.
Begin MonoManager ReloadAssembly
Native extension for WindowsStandalone target not found
Refreshing native plugins compatible for Editor in 0.18 ms, found 0 plugins.
Preloading 0 native plugins for Editor in 0.00 ms.
Invoked RoslynAnalysisRunner static constructor.
RoslynAnalysisRunner will not be running.
RoslynAnalysisRunner has terminated.
Mono: successfully reloaded assembly
- Completed reload, in  0.780 seconds
Platform modules already initialized, skipping
Refreshing native plugins compatible for Editor in 0.22 ms, found 0 plugins.
Preloading 0 native plugins for Editor in 0.00 ms.
Unloading 1108 Unused Serialized files (Serialized files now loaded: 0)
System memory in use before: 60.2 MB.
System memory in use after: 60.3 MB.

Unloading 4 unused Assets to reduce memory usage. Loaded Objects now: 1621.
Total: 1.463600 ms (FindLiveObjects: 0.136400 ms CreateObjectMapping: 0.033800 ms MarkObjects: 1.281000 ms  DeleteObjects: 0.011700 ms)

========================================================================
Received Prepare
Registering precompiled user dll's ...
Registered in 0.001022 seconds.
Begin MonoManager ReloadAssembly
Native extension for WindowsStandalone target not found
Refreshing native plugins compatible for Editor in 0.18 ms, found 0 plugins.
Preloading 0 native plugins for Editor in 0.00 ms.
Invoked RoslynAnalysisRunner static constructor.
RoslynAnalysisRunner will not be running.
RoslynAnalysisRunner has terminated.
Mono: successfully reloaded assembly
- Completed reload, in  0.717 seconds
Platform modules already initialized, skipping
Refreshing native plugins compatible for Editor in 0.17 ms, found 0 plugins.
Preloading 0 native plugins for Editor in 0.00 ms.
Unloading 1108 Unused Serialized files (Serialized files now loaded: 0)
System memory in use before: 60.2 MB.
System memory in use after: 60.3 MB.

Unloading 4 unused Assets to reduce memory usage. Loaded Objects now: 1624.
Total: 1.618400 ms (FindLiveObjects: 0.151600 ms CreateObjectMapping: 0.054700 ms MarkObjects: 1.396800 ms  DeleteObjects: 0.014100 ms)

========================================================================
Received Import Request.
  Time since last request: 1329.795449 seconds.
  path: Assets/Yamamoto/Scene/OnikuTest.unity
  artifactKey: Guid(a1c5c85fee7061f4b83a9e9219f54d85) Importer(815301076,1909f56bfc062723c751e8b465ee728b)
Start importing Assets/Yamamoto/Scene/OnikuTest.unity using Guid(a1c5c85fee7061f4b83a9e9219f54d85) Importer(815301076,1909f56bfc062723c751e8b465ee728b)  -> (artifact id: 'afb0d6c3cadc14535275d33212ac8bd2') in 0.017993 seconds
  Import took 0.020064 seconds .

========================================================================
Received Import Request.
  Time since last request: 0.000498 seconds.
  path: Assets/Yamamoto/Scene/OnikuTest.unity
  artifactKey: Guid(a1c5c85fee7061f4b83a9e9219f54d85) Importer(815301076,1909f56bfc062723c751e8b465ee728b)
Start importing Assets/Yamamoto/Scene/OnikuTest.unity using Guid(a1c5c85fee7061f4b83a9e9219f54d85) Importer(815301076,1909f56bfc062723c751e8b465ee728b)  -> (artifact id: 'afb0d6c3cadc14535275d33212ac8bd2') in 0.003393 seconds
  Import took 0.005275 seconds .

========================================================================
Received Import Request.
  Time since last request: 153.904878 seconds.
  path: Assets/Yamamoto/Scripts/Food.cs
  artifactKey: Guid(c2333985fd5b1bf408d59542261c12d5) Importer(815301076,1909f56bfc062723c751e8b465ee728b)
Start importing Assets/Yamamoto/Scripts/Food.cs using Guid(c2333985fd5b1bf408d59542261c12d5) Importer(815301076,1909f56bfc062723c751e8b465ee728b)  -> (artifact id: 'cea49ba7753f037a193e3b9420f90e8d') in 0.008880 seconds
  Import took 0.011623 seconds .

========================================================================
Received Prepare
Registering precompiled user dll's ...
Registered in 0.000969 seconds.
Begin MonoManager ReloadAssembly
Native extension for WindowsStandalone target not found
Refreshing native plugins compatible for Editor in 0.32 ms, found 0 plugins.
Preloading 0 native plugins for Editor in 0.00 ms.
Invoked RoslynAnalysisRunner static constructor.
RoslynAnalysisRunner will not be running.
RoslynAnalysisRunner has terminated.
Mono: successfully reloaded assembly
- Completed reload, in  0.760 seconds
Platform modules already initialized, skipping
Refreshing native plugins compatible for Editor in 0.19 ms, found 0 plugins.
Preloading 0 native plugins for Editor in 0.00 ms.
Unloading 1109 Unused Serialized files (Serialized files now loaded: 0)
System memory in use before: 60.2 MB.
System memory in use after: 60.3 MB.

Unloading 4 unused Assets to reduce memory usage. Loaded Objects now: 1628.
Total: 2.255900 ms (FindLiveObjects: 0.178000 ms CreateObjectMapping: 0.047800 ms MarkObjects: 2.012900 ms  DeleteObjects: 0.016000 ms)

========================================================================
Received Prepare
Registering precompiled user dll's ...
Registered in 0.000950 seconds.
Begin MonoManager ReloadAssembly
Native extension for WindowsStandalone target not found
Refreshing native plugins compatible for Editor in 0.20 ms, found 0 plugins.
Preloading 0 native plugins for Editor in 0.00 ms.
Invoked RoslynAnalysisRunner static constructor.
RoslynAnalysisRunner will not be running.
RoslynAnalysisRunner has terminated.
Mono: successfully reloaded assembly
- Completed reload, in  0.754 seconds
Platform modules already initialized, skipping
Refreshing native plugins compatible for Editor in 0.18 ms, found 0 plugins.
Preloading 0 native plugins for Editor in 0.00 ms.
Unloading 1109 Unused Serialized files (Serialized files now loaded: 0)
System memory in use before: 60.2 MB.
System memory in use after: 60.3 MB.

Unloading 4 unused Assets to reduce memory usage. Loaded Objects now: 1631.
Total: 1.678600 ms (FindLiveObjects: 0.148600 ms CreateObjectMapping: 0.043800 ms MarkObjects: 1.473200 ms  DeleteObjects: 0.012200 ms)

========================================================================
Received Import Request.
  Time since last request: 259.787693 seconds.
  path: Assets/Yamamoto/Scripts/Food.cs
  artifactKey: Guid(c2333985fd5b1bf408d59542261c12d5) Importer(815301076,1909f56bfc062723c751e8b465ee728b)
Start importing Assets/Yamamoto/Scripts/Food.cs using Guid(c2333985fd5b1bf408d59542261c12d5) Importer(815301076,1909f56bfc062723c751e8b465ee728b)  -> (artifact id: '5659abcae1d9ed863201507fec0802ed') in 0.006960 seconds
  Import took 0.009430 seconds .

========================================================================
Received Import Request.
  Time since last request: 22.006813 seconds.
  path: Assets/Yamamoto/Scripts/K.cs
  artifactKey: Guid(7b59c2242d112cb42af549ebed6afba5) Importer(815301076,1909f56bfc062723c751e8b465ee728b)
Start importing Assets/Yamamoto/Scripts/K.cs using Guid(7b59c2242d112cb42af549ebed6afba5) Importer(815301076,1909f56bfc062723c751e8b465ee728b)  -> (artifact id: 'fb125f4d926c299fe4d633a1553bda46') in 0.008110 seconds
  Import took 0.010691 seconds .

========================================================================
Received Prepare
Registering precompiled user dll's ...
Registered in 0.000962 seconds.
Begin MonoManager ReloadAssembly
Native extension for WindowsStandalone target not found
Refreshing native plugins compatible for Editor in 0.18 ms, found 0 plugins.
Preloading 0 native plugins for Editor in 0.00 ms.
Invoked RoslynAnalysisRunner static constructor.
RoslynAnalysisRunner will not be running.
RoslynAnalysisRunner has terminated.
Mono: successfully reloaded assembly
- Completed reload, in  0.756 seconds
Platform modules already initialized, skipping
Refreshing native plugins compatible for Editor in 0.23 ms, found 0 plugins.
Preloading 0 native plugins for Editor in 0.00 ms.
Unloading 1109 Unused Serialized files (Serialized files now loaded: 0)
System memory in use before: 60.2 MB.
System memory in use after: 60.3 MB.

Unloading 4 unused Assets to reduce memory usage. Loaded Objects now: 1634.
Total: 1.716000 ms (FindLiveObjects: 0.196000 ms CreateObjectMapping: 0.036600 ms MarkObjects: 1.468900 ms  DeleteObjects: 0.013100 ms)

========================================================================
Received Import Request.
  Time since last request: 23.376122 seconds.
  path: Assets/Yamamoto/Scripts/Kalbi.cs
  artifactKey: Guid(0b9ddc8818a13394d9895b74644d7081) Importer(815301076,1909f56bfc062723c751e8b465ee728b)
Start importing Assets/Yamamoto/Scripts/Kalbi.cs using Guid(0b9ddc8818a13394d9895b74644d7081) Importer(815301076,1909f56bfc062723c751e8b465ee728b)  -> (artifact id: 'fe797613d77f01b0d0048e046880f84f') in 0.011554 seconds
  Import took 0.014010 seconds .

========================================================================
Received Prepare
Registering precompiled user dll's ...
Registered in 0.000928 seconds.
Begin MonoManager ReloadAssembly
Native extension for WindowsStandalone target not found
Refreshing native plugins compatible for Editor in 0.18 ms, found 0 plugins.
Preloading 0 native plugins for Editor in 0.00 ms.
Invoked RoslynAnalysisRunner static constructor.
RoslynAnalysisRunner will not be running.
RoslynAnalysisRunner has terminated.
Mono: successfully reloaded assembly
- Completed reload, in  0.776 seconds
Platform modules already initialized, skipping
Refreshing native plugins compatible for Editor in 0.21 ms, found 0 plugins.
Preloading 0 native plugins for Editor in 0.00 ms.
Unloading 1110 Unused Serialized files (Serialized files now loaded: 0)
System memory in use before: 60.2 MB.
System memory in use after: 60.3 MB.

Unloading 4 unused Assets to reduce memory usage. Loaded Objects now: 1638.
Total: 2.359600 ms (FindLiveObjects: 0.235100 ms CreateObjectMapping: 0.077800 ms MarkObjects: 2.029700 ms  DeleteObjects: 0.015800 ms)

========================================================================
Received Prepare
Registering precompiled user dll's ...
Registered in 0.001372 seconds.
Begin MonoManager ReloadAssembly
Native extension for WindowsStandalone target not found
Refreshing native plugins compatible for Editor in 0.18 ms, found 0 plugins.
Preloading 0 native plugins for Editor in 0.00 ms.
Invoked RoslynAnalysisRunner static constructor.
RoslynAnalysisRunner will not be running.
RoslynAnalysisRunner has terminated.
Mono: successfully reloaded assembly
- Completed reload, in  0.747 seconds
Platform modules already initialized, skipping
Refreshing native plugins compatible for Editor in 0.21 ms, found 0 plugins.
Preloading 0 native plugins for Editor in 0.00 ms.
Unloading 1110 Unused Serialized files (Serialized files now loaded: 0)
System memory in use before: 60.2 MB.
System memory in use after: 60.3 MB.

Unloading 4 unused Assets to reduce memory usage. Loaded Objects now: 1641.
Total: 1.750200 ms (FindLiveObjects: 0.175300 ms CreateObjectMapping: 0.050600 ms MarkObjects: 1.512300 ms  DeleteObjects: 0.011200 ms)

========================================================================
Received Prepare
Registering precompiled user dll's ...
Registered in 0.000943 seconds.
Begin MonoManager ReloadAssembly
Native extension for WindowsStandalone target not found
Refreshing native plugins compatible for Editor in 0.18 ms, found 0 plugins.
Preloading 0 native plugins for Editor in 0.00 ms.
Invoked RoslynAnalysisRunner static constructor.
RoslynAnalysisRunner will not be running.
RoslynAnalysisRunner has terminated.
Mono: successfully reloaded assembly
- Completed reload, in  0.750 seconds
Platform modules already initialized, skipping
Refreshing native plugins compatible for Editor in 0.22 ms, found 0 plugins.
Preloading 0 native plugins for Editor in 0.00 ms.
Unloading 1110 Unused Serialized files (Serialized files now loaded: 0)
System memory in use before: 60.2 MB.
System memory in use after: 60.3 MB.

Unloading 4 unused Assets to reduce memory usage. Loaded Objects now: 1644.
Total: 1.860800 ms (FindLiveObjects: 0.149600 ms CreateObjectMapping: 0.043500 ms MarkObjects: 1.652900 ms  DeleteObjects: 0.013800 ms)

========================================================================
Received Prepare
Registering precompiled user dll's ...
Registered in 0.000974 seconds.
Begin MonoManager ReloadAssembly
Native extension for WindowsStandalone target not found
Refreshing native plugins compatible for Editor in 0.18 ms, found 0 plugins.
Preloading 0 native plugins for Editor in 0.00 ms.
Invoked RoslynAnalysisRunner static constructor.
RoslynAnalysisRunner will not be running.
RoslynAnalysisRunner has terminated.
Mono: successfully reloaded assembly
- Completed reload, in  0.754 seconds
Platform modules already initialized, skipping
Refreshing native plugins compatible for Editor in 0.22 ms, found 0 plugins.
Preloading 0 native plugins for Editor in 0.00 ms.
Unloading 1110 Unused Serialized files (Serialized files now loaded: 0)
System memory in use before: 60.2 MB.
System memory in use after: 60.3 MB.

Unloading 4 unused Assets to reduce memory usage. Loaded Objects now: 1647.
Total: 1.635000 ms (FindLiveObjects: 0.141600 ms CreateObjectMapping: 0.037700 ms MarkObjects: 1.440500 ms  DeleteObjects: 0.014300 ms)

========================================================================
Received Prepare
Registering precompiled user dll's ...
Registered in 0.001094 seconds.
Begin MonoManager ReloadAssembly
Native extension for WindowsStandalone target not found
Refreshing native plugins compatible for Editor in 0.18 ms, found 0 plugins.
Preloading 0 native plugins for Editor in 0.00 ms.
Invoked RoslynAnalysisRunner static constructor.
RoslynAnalysisRunner will not be running.
RoslynAnalysisRunner has terminated.
Mono: successfully reloaded assembly
- Completed reload, in  0.754 seconds
Platform modules already initialized, skipping
Refreshing native plugins compatible for Editor in 0.18 ms, found 0 plugins.
Preloading 0 native plugins for Editor in 0.00 ms.
Unloading 1110 Unused Serialized files (Serialized files now loaded: 0)
System memory in use before: 60.3 MB.
System memory in use after: 60.4 MB.

Unloading 4 unused Assets to reduce memory usage. Loaded Objects now: 1650.
Total: 1.900800 ms (FindLiveObjects: 0.156500 ms CreateObjectMapping: 0.042400 ms MarkObjects: 1.688100 ms  DeleteObjects: 0.012800 ms)

========================================================================
Received Prepare
Registering precompiled user dll's ...
Registered in 0.000934 seconds.
Begin MonoManager ReloadAssembly
Native extension for WindowsStandalone target not found
Refreshing native plugins compatible for Editor in 0.19 ms, found 0 plugins.
Preloading 0 native plugins for Editor in 0.00 ms.
Invoked RoslynAnalysisRunner static constructor.
RoslynAnalysisRunner will not be running.
RoslynAnalysisRunner has terminated.
Mono: successfully reloaded assembly
- Completed reload, in  0.779 seconds
Platform modules already initialized, skipping
Refreshing native plugins compatible for Editor in 0.25 ms, found 0 plugins.
Preloading 0 native plugins for Editor in 0.00 ms.
Unloading 1110 Unused Serialized files (Serialized files now loaded: 0)
System memory in use before: 60.3 MB.
System memory in use after: 60.4 MB.

Unloading 4 unused Assets to reduce memory usage. Loaded Objects now: 1653.
Total: 1.701100 ms (FindLiveObjects: 0.218800 ms CreateObjectMapping: 0.051300 ms MarkObjects: 1.416000 ms  DeleteObjects: 0.011500 ms)

========================================================================
Received Prepare
Registering precompiled user dll's ...
Registered in 0.001139 seconds.
Begin MonoManager ReloadAssembly
Native extension for WindowsStandalone target not found
Refreshing native plugins compatible for Editor in 0.18 ms, found 0 plugins.
Preloading 0 native plugins for Editor in 0.00 ms.
Invoked RoslynAnalysisRunner static constructor.
RoslynAnalysisRunner will not be running.
RoslynAnalysisRunner has terminated.
Mono: successfully reloaded assembly
- Completed reload, in  0.723 seconds
Platform modules already initialized, skipping
Refreshing native plugins compatible for Editor in 0.20 ms, found 0 plugins.
Preloading 0 native plugins for Editor in 0.00 ms.
Unloading 1110 Unused Serialized files (Serialized files now loaded: 0)
System memory in use before: 60.3 MB.
System memory in use after: 60.4 MB.

Unloading 4 unused Assets to reduce memory usage. Loaded Objects now: 1656.
Total: 1.830100 ms (FindLiveObjects: 0.149000 ms CreateObjectMapping: 0.043300 ms MarkObjects: 1.621400 ms  DeleteObjects: 0.015500 ms)

========================================================================
Received Prepare
Registering precompiled user dll's ...
Registered in 0.000970 seconds.
Begin MonoManager ReloadAssembly
Native extension for WindowsStandalone target not found
Refreshing native plugins compatible for Editor in 0.18 ms, found 0 plugins.
Preloading 0 native plugins for Editor in 0.00 ms.
Invoked RoslynAnalysisRunner static constructor.
RoslynAnalysisRunner will not be running.
RoslynAnalysisRunner has terminated.
Mono: successfully reloaded assembly
- Completed reload, in  0.737 seconds
Platform modules already initialized, skipping
Refreshing native plugins compatible for Editor in 0.18 ms, found 0 plugins.
Preloading 0 native plugins for Editor in 0.00 ms.
Unloading 1110 Unused Serialized files (Serialized files now loaded: 0)
System memory in use before: 60.3 MB.
System memory in use after: 60.4 MB.

Unloading 4 unused Assets to reduce memory usage. Loaded Objects now: 1659.
Total: 1.699700 ms (FindLiveObjects: 0.143300 ms CreateObjectMapping: 0.049400 ms MarkObjects: 1.490800 ms  DeleteObjects: 0.015100 ms)

========================================================================
Received Prepare
Registering precompiled user dll's ...
Registered in 0.000979 seconds.
Begin MonoManager ReloadAssembly
Native extension for WindowsStandalone target not found
Refreshing native plugins compatible for Editor in 0.18 ms, found 0 plugins.
Preloading 0 native plugins for Editor in 0.00 ms.
Invoked RoslynAnalysisRunner static constructor.
RoslynAnalysisRunner will not be running.
RoslynAnalysisRunner has terminated.
Mono: successfully reloaded assembly
- Completed reload, in  0.767 seconds
Platform modules already initialized, skipping
Refreshing native plugins compatible for Editor in 0.22 ms, found 0 plugins.
Preloading 0 native plugins for Editor in 0.00 ms.
Unloading 1110 Unused Serialized files (Serialized files now loaded: 0)
System memory in use before: 60.3 MB.
System memory in use after: 60.4 MB.

Unloading 4 unused Assets to reduce memory usage. Loaded Objects now: 1662.
Total: 1.897700 ms (FindLiveObjects: 0.309400 ms CreateObjectMapping: 0.062200 ms MarkObjects: 1.513900 ms  DeleteObjects: 0.011300 ms)

========================================================================
Received Prepare
Registering precompiled user dll's ...
Registered in 0.000993 seconds.
Begin MonoManager ReloadAssembly
Native extension for WindowsStandalone target not found
Refreshing native plugins compatible for Editor in 0.18 ms, found 0 plugins.
Preloading 0 native plugins for Editor in 0.00 ms.
Invoked RoslynAnalysisRunner static constructor.
RoslynAnalysisRunner will not be running.
RoslynAnalysisRunner has terminated.
Mono: successfully reloaded assembly
- Completed reload, in  0.752 seconds
Platform modules already initialized, skipping
Refreshing native plugins compatible for Editor in 0.21 ms, found 0 plugins.
Preloading 0 native plugins for Editor in 0.00 ms.
Unloading 1110 Unused Serialized files (Serialized files now loaded: 0)
System memory in use before: 60.3 MB.
System memory in use after: 60.4 MB.

Unloading 4 unused Assets to reduce memory usage. Loaded Objects now: 1665.
Total: 1.540900 ms (FindLiveObjects: 0.167800 ms CreateObjectMapping: 0.031700 ms MarkObjects: 1.328400 ms  DeleteObjects: 0.012100 ms)

========================================================================
Received Prepare
Registering precompiled user dll's ...
Registered in 0.000963 seconds.
Begin MonoManager ReloadAssembly
Native extension for WindowsStandalone target not found
Refreshing native plugins compatible for Editor in 0.18 ms, found 0 plugins.
Preloading 0 native plugins for Editor in 0.00 ms.
Invoked RoslynAnalysisRunner static constructor.
RoslynAnalysisRunner will not be running.
RoslynAnalysisRunner has terminated.
Mono: successfully reloaded assembly
- Completed reload, in  0.741 seconds
Platform modules already initialized, skipping
Refreshing native plugins compatible for Editor in 0.22 ms, found 0 plugins.
Preloading 0 native plugins for Editor in 0.00 ms.
Unloading 1110 Unused Serialized files (Serialized files now loaded: 0)
System memory in use before: 60.3 MB.
System memory in use after: 60.4 MB.

Unloading 4 unused Assets to reduce memory usage. Loaded Objects now: 1668.
Total: 1.794400 ms (FindLiveObjects: 0.220800 ms CreateObjectMapping: 0.035700 ms MarkObjects: 1.526600 ms  DeleteObjects: 0.010400 ms)

========================================================================
Received Prepare
Registering precompiled user dll's ...
Registered in 0.000912 seconds.
Begin MonoManager ReloadAssembly
Native extension for WindowsStandalone target not found
Refreshing native plugins compatible for Editor in 0.19 ms, found 0 plugins.
Preloading 0 native plugins for Editor in 0.00 ms.
Invoked RoslynAnalysisRunner static constructor.
RoslynAnalysisRunner will not be running.
RoslynAnalysisRunner has terminated.
Mono: successfully reloaded assembly
- Completed reload, in  0.770 seconds
Platform modules already initialized, skipping
Refreshing native plugins compatible for Editor in 0.20 ms, found 0 plugins.
Preloading 0 native plugins for Editor in 0.00 ms.
Unloading 1110 Unused Serialized files (Serialized files now loaded: 0)
System memory in use before: 60.3 MB.
System memory in use after: 60.4 MB.

Unloading 4 unused Assets to reduce memory usage. Loaded Objects now: 1671.
Total: 1.571300 ms (FindLiveObjects: 0.141400 ms CreateObjectMapping: 0.044600 ms MarkObjects: 1.373100 ms  DeleteObjects: 0.011400 ms)

========================================================================
Received Prepare
Registering precompiled user dll's ...
Registered in 0.001001 seconds.
Begin MonoManager ReloadAssembly
Native extension for WindowsStandalone target not found
Refreshing native plugins compatible for Editor in 0.18 ms, found 0 plugins.
Preloading 0 native plugins for Editor in 0.00 ms.
Invoked RoslynAnalysisRunner static constructor.
RoslynAnalysisRunner will not be running.
RoslynAnalysisRunner has terminated.
Mono: successfully reloaded assembly
- Completed reload, in  0.771 seconds
Platform modules already initialized, skipping
Refreshing native plugins compatible for Editor in 0.18 ms, found 0 plugins.
Preloading 0 native plugins for Editor in 0.00 ms.
Unloading 1110 Unused Serialized files (Serialized files now loaded: 0)
System memory in use before: 60.3 MB.
System memory in use after: 60.4 MB.

Unloading 4 unused Assets to reduce memory usage. Loaded Objects now: 1674.
Total: 1.722300 ms (FindLiveObjects: 0.179000 ms CreateObjectMapping: 0.069500 ms MarkObjects: 1.460800 ms  DeleteObjects: 0.012100 ms)

========================================================================
Received Prepare
Registering precompiled user dll's ...
Registered in 0.001262 seconds.
Begin MonoManager ReloadAssembly
Native extension for WindowsStandalone target not found
Refreshing native plugins compatible for Editor in 0.18 ms, found 0 plugins.
Preloading 0 native plugins for Editor in 0.00 ms.
Invoked RoslynAnalysisRunner static constructor.
RoslynAnalysisRunner will not be running.
RoslynAnalysisRunner has terminated.
Mono: successfully reloaded assembly
- Completed reload, in  0.724 seconds
Platform modules already initialized, skipping
Refreshing native plugins compatible for Editor in 0.22 ms, found 0 plugins.
Preloading 0 native plugins for Editor in 0.00 ms.
Unloading 1110 Unused Serialized files (Serialized files now loaded: 0)
System memory in use before: 60.3 MB.
System memory in use after: 60.4 MB.

Unloading 4 unused Assets to reduce memory usage. Loaded Objects now: 1677.
Total: 2.089300 ms (FindLiveObjects: 0.157800 ms CreateObjectMapping: 0.051300 ms MarkObjects: 1.863700 ms  DeleteObjects: 0.015200 ms)

========================================================================
Received Prepare
Registering precompiled user dll's ...
Registered in 0.001041 seconds.
Begin MonoManager ReloadAssembly
Native extension for WindowsStandalone target not found
Refreshing native plugins compatible for Editor in 0.19 ms, found 0 plugins.
Preloading 0 native plugins for Editor in 0.00 ms.
Invoked RoslynAnalysisRunner static constructor.
RoslynAnalysisRunner will not be running.
RoslynAnalysisRunner has terminated.
Mono: successfully reloaded assembly
- Completed reload, in  0.750 seconds
Platform modules already initialized, skipping
Refreshing native plugins compatible for Editor in 0.24 ms, found 0 plugins.
Preloading 0 native plugins for Editor in 0.00 ms.
Unloading 1110 Unused Serialized files (Serialized files now loaded: 0)
System memory in use before: 60.3 MB.
System memory in use after: 60.4 MB.

Unloading 4 unused Assets to reduce memory usage. Loaded Objects now: 1680.
Total: 1.537900 ms (FindLiveObjects: 0.171900 ms CreateObjectMapping: 0.048700 ms MarkObjects: 1.305900 ms  DeleteObjects: 0.010400 ms)

========================================================================
Received Prepare
Registering precompiled user dll's ...
Registered in 0.001078 seconds.
Begin MonoManager ReloadAssembly
Native extension for WindowsStandalone target not found
Refreshing native plugins compatible for Editor in 0.19 ms, found 0 plugins.
Preloading 0 native plugins for Editor in 0.00 ms.
Invoked RoslynAnalysisRunner static constructor.
RoslynAnalysisRunner will not be running.
RoslynAnalysisRunner has terminated.
Mono: successfully reloaded assembly
- Completed reload, in  0.734 seconds
Platform modules already initialized, skipping
Refreshing native plugins compatible for Editor in 0.18 ms, found 0 plugins.
Preloading 0 native plugins for Editor in 0.00 ms.
Unloading 1110 Unused Serialized files (Serialized files now loaded: 0)
System memory in use before: 60.3 MB.
System memory in use after: 60.4 MB.

Unloading 4 unused Assets to reduce memory usage. Loaded Objects now: 1683.
Total: 1.674600 ms (FindLiveObjects: 0.190000 ms CreateObjectMapping: 0.041300 ms MarkObjects: 1.427300 ms  DeleteObjects: 0.014600 ms)

========================================================================
Received Prepare
Registering precompiled user dll's ...
Registered in 0.000946 seconds.
Begin MonoManager ReloadAssembly
Native extension for WindowsStandalone target not found
Refreshing native plugins compatible for Editor in 0.19 ms, found 0 plugins.
Preloading 0 native plugins for Editor in 0.00 ms.
Invoked RoslynAnalysisRunner static constructor.
RoslynAnalysisRunner will not be running.
RoslynAnalysisRunner has terminated.
Mono: successfully reloaded assembly
- Completed reload, in  0.764 seconds
Platform modules already initialized, skipping
Refreshing native plugins compatible for Editor in 0.24 ms, found 0 plugins.
Preloading 0 native plugins for Editor in 0.00 ms.
Unloading 1110 Unused Serialized files (Serialized files now loaded: 0)
System memory in use before: 60.3 MB.
System memory in use after: 60.4 MB.

Unloading 4 unused Assets to reduce memory usage. Loaded Objects now: 1686.
Total: 1.670300 ms (FindLiveObjects: 0.246400 ms CreateObjectMapping: 0.041500 ms MarkObjects: 1.370300 ms  DeleteObjects: 0.011300 ms)

========================================================================
Received Prepare
Registering precompiled user dll's ...
Registered in 0.001434 seconds.
Begin MonoManager ReloadAssembly
Native extension for WindowsStandalone target not found
Refreshing native plugins compatible for Editor in 0.18 ms, found 0 plugins.
Preloading 0 native plugins for Editor in 0.00 ms.
Invoked RoslynAnalysisRunner static constructor.
RoslynAnalysisRunner will not be running.
RoslynAnalysisRunner has terminated.
Mono: successfully reloaded assembly
- Completed reload, in  0.763 seconds
Platform modules already initialized, skipping
Refreshing native plugins compatible for Editor in 0.18 ms, found 0 plugins.
Preloading 0 native plugins for Editor in 0.00 ms.
Unloading 1110 Unused Serialized files (Serialized files now loaded: 0)
System memory in use before: 60.3 MB.
System memory in use after: 60.4 MB.

Unloading 4 unused Assets to reduce memory usage. Loaded Objects now: 1689.
Total: 1.674200 ms (FindLiveObjects: 0.224800 ms CreateObjectMapping: 0.055000 ms MarkObjects: 1.381600 ms  DeleteObjects: 0.011600 ms)

========================================================================
Received Prepare
Registering precompiled user dll's ...
Registered in 0.000906 seconds.
Begin MonoManager ReloadAssembly
Native extension for WindowsStandalone target not found
Refreshing native plugins compatible for Editor in 0.18 ms, found 0 plugins.
Preloading 0 native plugins for Editor in 0.00 ms.
Invoked RoslynAnalysisRunner static constructor.
RoslynAnalysisRunner will not be running.
RoslynAnalysisRunner has terminated.
Mono: successfully reloaded assembly
- Completed reload, in  0.749 seconds
Platform modules already initialized, skipping
Refreshing native plugins compatible for Editor in 0.19 ms, found 0 plugins.
Preloading 0 native plugins for Editor in 0.00 ms.
Unloading 1110 Unused Serialized files (Serialized files now loaded: 0)
System memory in use before: 60.3 MB.
System memory in use after: 60.4 MB.

Unloading 4 unused Assets to reduce memory usage. Loaded Objects now: 1692.
Total: 1.843100 ms (FindLiveObjects: 0.168700 ms CreateObjectMapping: 0.043700 ms MarkObjects: 1.617400 ms  DeleteObjects: 0.012400 ms)

========================================================================
Received Prepare
Registering precompiled user dll's ...
Registered in 0.000966 seconds.
Begin MonoManager ReloadAssembly
Native extension for WindowsStandalone target not found
Refreshing native plugins compatible for Editor in 0.18 ms, found 0 plugins.
Preloading 0 native plugins for Editor in 0.00 ms.
Invoked RoslynAnalysisRunner static constructor.
RoslynAnalysisRunner will not be running.
RoslynAnalysisRunner has terminated.
Mono: successfully reloaded assembly
- Completed reload, in  0.745 seconds
Platform modules already initialized, skipping
Refreshing native plugins compatible for Editor in 0.22 ms, found 0 plugins.
Preloading 0 native plugins for Editor in 0.00 ms.
Unloading 1110 Unused Serialized files (Serialized files now loaded: 0)
System memory in use before: 60.3 MB.
System memory in use after: 60.4 MB.

Unloading 4 unused Assets to reduce memory usage. Loaded Objects now: 1695.
Total: 1.464700 ms (FindLiveObjects: 0.123000 ms CreateObjectMapping: 0.031500 ms MarkObjects: 1.299100 ms  DeleteObjects: 0.010400 ms)

========================================================================
Received Prepare
Registering precompiled user dll's ...
Registered in 0.000937 seconds.
Begin MonoManager ReloadAssembly
Native extension for WindowsStandalone target not found
Refreshing native plugins compatible for Editor in 0.18 ms, found 0 plugins.
Preloading 0 native plugins for Editor in 0.00 ms.
Invoked RoslynAnalysisRunner static constructor.
RoslynAnalysisRunner will not be running.
RoslynAnalysisRunner has terminated.
Mono: successfully reloaded assembly
- Completed reload, in  0.745 seconds
Platform modules already initialized, skipping
Refreshing native plugins compatible for Editor in 0.22 ms, found 0 plugins.
Preloading 0 native plugins for Editor in 0.00 ms.
Unloading 1110 Unused Serialized files (Serialized files now loaded: 0)
System memory in use before: 60.3 MB.
System memory in use after: 60.4 MB.

Unloading 4 unused Assets to reduce memory usage. Loaded Objects now: 1698.
Total: 1.694300 ms (FindLiveObjects: 0.147900 ms CreateObjectMapping: 0.034500 ms MarkObjects: 1.497700 ms  DeleteObjects: 0.012600 ms)

========================================================================
Received Import Request.
  Time since last request: 1436.372132 seconds.
  path: Assets/Yamamoto/Material/Plane.mat
  artifactKey: Guid(5dbd257f109b4bd4bb02c842a6c63c4b) Importer(815301076,1909f56bfc062723c751e8b465ee728b)
Start importing Assets/Yamamoto/Material/Plane.mat using Guid(5dbd257f109b4bd4bb02c842a6c63c4b) Importer(815301076,1909f56bfc062723c751e8b465ee728b)  -> (artifact id: 'c36e449ed60877af2e8f9461a062fc5a') in 0.057150 seconds
  Import took 0.059006 seconds .

========================================================================
Received Import Request.
  Time since last request: 12.722811 seconds.
  path: Assets/Yamamoto/Material/Oniku.shader
  artifactKey: Guid(149cd272a3e7d5d438eaca299292e269) Importer(815301076,1909f56bfc062723c751e8b465ee728b)
Start importing Assets/Yamamoto/Material/Oniku.shader using Guid(149cd272a3e7d5d438eaca299292e269) Importer(815301076,1909f56bfc062723c751e8b465ee728b)  -> (artifact id: 'fe431b0e10b133c4f8c53772b2fc32d6') in 0.016740 seconds
  Import took 0.019280 seconds .

========================================================================
Received Import Request.
  Time since last request: 0.002495 seconds.
  path: Assets/Yamamoto/Material/Oniku.shader
  artifactKey: Guid(149cd272a3e7d5d438eaca299292e269) Importer(815301076,1909f56bfc062723c751e8b465ee728b)
Start importing Assets/Yamamoto/Material/Oniku.shader using Guid(149cd272a3e7d5d438eaca299292e269) Importer(815301076,1909f56bfc062723c751e8b465ee728b)  -> (artifact id: 'fe431b0e10b133c4f8c53772b2fc32d6') in 0.005629 seconds
  Import took 0.007657 seconds .

========================================================================
Received Import Request.
  Time since last request: 220.523037 seconds.
  path: Assets/Yamamoto/Material/Oniku.shader
  artifactKey: Guid(149cd272a3e7d5d438eaca299292e269) Importer(815301076,1909f56bfc062723c751e8b465ee728b)
Start importing Assets/Yamamoto/Material/Oniku.shader using Guid(149cd272a3e7d5d438eaca299292e269) Importer(815301076,1909f56bfc062723c751e8b465ee728b)  -> (artifact id: '09de9e46b90457a3d30b43b492d39909') in 0.004638 seconds
  Import took 0.006430 seconds .

========================================================================
Received Import Request.
  Time since last request: 0.000637 seconds.
  path: Assets/Yamamoto/Material/Oniku.shader
  artifactKey: Guid(149cd272a3e7d5d438eaca299292e269) Importer(815301076,1909f56bfc062723c751e8b465ee728b)
Start importing Assets/Yamamoto/Material/Oniku.shader using Guid(149cd272a3e7d5d438eaca299292e269) Importer(815301076,1909f56bfc062723c751e8b465ee728b)  -> (artifact id: '09de9e46b90457a3d30b43b492d39909') in 0.004501 seconds
  Import took 0.006250 seconds .

========================================================================
Received Import Request.
  Time since last request: 306.782489 seconds.
  path: Assets/Yamamoto/Material/Oniku.shader
  artifactKey: Guid(149cd272a3e7d5d438eaca299292e269) Importer(815301076,1909f56bfc062723c751e8b465ee728b)
Start importing Assets/Yamamoto/Material/Oniku.shader using Guid(149cd272a3e7d5d438eaca299292e269) Importer(815301076,1909f56bfc062723c751e8b465ee728b)  -> (artifact id: 'e3924d7a3c814cf373ebffa2c926ff4f') in 0.003754 seconds
  Import took 0.005724 seconds .

========================================================================
Received Import Request.
  Time since last request: 0.020908 seconds.
  path: Assets/Yamamoto/Material/Oniku.shader
  artifactKey: Guid(149cd272a3e7d5d438eaca299292e269) Importer(815301076,1909f56bfc062723c751e8b465ee728b)
Start importing Assets/Yamamoto/Material/Oniku.shader using Guid(149cd272a3e7d5d438eaca299292e269) Importer(815301076,1909f56bfc062723c751e8b465ee728b)  -> (artifact id: 'e3924d7a3c814cf373ebffa2c926ff4f') in 0.004492 seconds
  Import took 0.006296 seconds .

========================================================================
Received Import Request.
  Time since last request: 78.067585 seconds.
  path: Assets/Yamamoto/Material/Oniku.shader
  artifactKey: Guid(149cd272a3e7d5d438eaca299292e269) Importer(815301076,1909f56bfc062723c751e8b465ee728b)
Start importing Assets/Yamamoto/Material/Oniku.shader using Guid(149cd272a3e7d5d438eaca299292e269) Importer(815301076,1909f56bfc062723c751e8b465ee728b)  -> (artifact id: '076e9478badbff2ed6fe35eeeae6f5bd') in 0.003776 seconds
  Import took 0.006044 seconds .

========================================================================
Received Import Request.
  Time since last request: 59.152837 seconds.
  path: Assets/Yamamoto/Material/Oniku.shader
  artifactKey: Guid(149cd272a3e7d5d438eaca299292e269) Importer(815301076,1909f56bfc062723c751e8b465ee728b)
Start importing Assets/Yamamoto/Material/Oniku.shader using Guid(149cd272a3e7d5d438eaca299292e269) Importer(815301076,1909f56bfc062723c751e8b465ee728b)  -> (artifact id: '49a2dcb24e6af8d23826dec65ab8959c') in 0.004372 seconds
  Import took 0.006174 seconds .

========================================================================
Received Import Request.
  Time since last request: 14.748735 seconds.
  path: Assets/Yamamoto/Material/Oniku.shader
  artifactKey: Guid(149cd272a3e7d5d438eaca299292e269) Importer(815301076,1909f56bfc062723c751e8b465ee728b)
Start importing Assets/Yamamoto/Material/Oniku.shader using Guid(149cd272a3e7d5d438eaca299292e269) Importer(815301076,1909f56bfc062723c751e8b465ee728b)  -> (artifact id: '2455495aa0b251a957e2218f9067173f') in 0.005457 seconds
  Import took 0.007662 seconds .

========================================================================
Received Import Request.
  Time since last request: 18.838347 seconds.
  path: Assets/Yamamoto/Material/Oniku.shader
  artifactKey: Guid(149cd272a3e7d5d438eaca299292e269) Importer(815301076,1909f56bfc062723c751e8b465ee728b)
Start importing Assets/Yamamoto/Material/Oniku.shader using Guid(149cd272a3e7d5d438eaca299292e269) Importer(815301076,1909f56bfc062723c751e8b465ee728b)  -> (artifact id: '8be66fc2ce8e2b0deebf175dc1a9674b') in 0.004002 seconds
  Import took 0.006177 seconds .

========================================================================
Received Import Request.
  Time since last request: 32.515436 seconds.
  path: Assets/Yamamoto/Material/Oniku.shader
  artifactKey: Guid(149cd272a3e7d5d438eaca299292e269) Importer(815301076,1909f56bfc062723c751e8b465ee728b)
Start importing Assets/Yamamoto/Material/Oniku.shader using Guid(149cd272a3e7d5d438eaca299292e269) Importer(815301076,1909f56bfc062723c751e8b465ee728b)  -> (artifact id: 'a8e9abba4fe0bab353257ee97eeb2d08') in 0.004004 seconds
  Import took 0.005751 seconds .

AssetImportWorkerClient::OnTransportError - code=2 error=End of file
